Performing C SOURCE FILE Test CMAKE_HAVE_LIBC_PTHREAD failed with the following output:
Change Dir: /home/bernhard/CLionProjects/802_22_Base/cmake-build-debug/CMakeFiles/CMakeTmp

Run Build Command(s):/home/bernhard/.local/share/JetBrains/Toolbox/apps/CLion/ch-0/223.8214.51/bin/ninja/linux/ninja cmTC_26ca6 && [1/2] Building C object CMakeFiles/cmTC_26ca6.dir/src.c.o
[2/2] Linking C executable cmTC_26ca6
FAILED: cmTC_26ca6 
: && /usr/bin/cc  -rdynamic CMakeFiles/cmTC_26ca6.dir/src.c.o -o cmTC_26ca6   && :
/usr/bin/ld: CMakeFiles/cmTC_26ca6.dir/src.c.o: in function `main':
src.c:(.text+0x2f): undefined reference to `pthread_create'
/usr/bin/ld: src.c:(.text+0x3b): undefined reference to `pthread_detach'
/usr/bin/ld: src.c:(.text+0x47): undefined reference to `pthread_cancel'
/usr/bin/ld: src.c:(.text+0x58): undefined reference to `pthread_join'
collect2: error: ld returned 1 exit status
ninja: build stopped: subcommand failed.


Source file was:
#include <pthread.h>

static void* test_func(void* data)
{
  return data;
}

int main(void)
{
  pthread_t thread;
  pthread_create(&thread, NULL, test_func, NULL);
  pthread_detach(thread);
  pthread_cancel(thread);
  pthread_join(thread, NULL);
  pthread_atfork(NULL, NULL, NULL);
  pthread_exit(NULL);

  return 0;
}

Determining if the include file wiringPi.h exists failed with the following output:
Change Dir: /home/bernhard/CLionProjects/802_22_Base/cmake-build-debug/CMakeFiles/CMakeTmp

Run Build Command(s):/home/bernhard/.local/share/JetBrains/Toolbox/apps/CLion/ch-0/223.8214.51/bin/ninja/linux/ninja cmTC_45ae9 && [1/2] Building C object CMakeFiles/cmTC_45ae9.dir/CheckIncludeFile.c.o
FAILED: CMakeFiles/cmTC_45ae9.dir/CheckIncludeFile.c.o 
/usr/bin/cc   -fdiagnostics-color=always -o CMakeFiles/cmTC_45ae9.dir/CheckIncludeFile.c.o -c /home/bernhard/CLionProjects/802_22_Base/cmake-build-debug/CMakeFiles/CMakeTmp/CheckIncludeFile.c
/home/bernhard/CLionProjects/802_22_Base/cmake-build-debug/CMakeFiles/CMakeTmp/CheckIncludeFile.c:1:10: fatal error: wiringPi.h: No such file or directory
    1 | #include <wiringPi.h>
      |          ^~~~~~~~~~~~
compilation terminated.
ninja: build stopped: subcommand failed.



